# Logfile created on 2014-10-01 00:58:40 +0900 by logger.rb/44203
D, [2014-10-01T00:58:41.011597 #1772] DEBUG -- : interval 0.6921594142913818
F, [2014-10-01T00:58:41.120896 #1772] FATAL -- : Standard Error : bad URI(is not URI?): 
F, [2014-10-01T00:58:41.561149 #1772] FATAL -- : Standard Error : bad URI(is not URI?): 
D, [2014-10-01T00:58:41.704511 #1772] DEBUG -- : interval 0.692164421081543
F, [2014-10-01T00:58:42.308770 #1772] FATAL -- : Standard Error : bad URI(is not URI?): 
D, [2014-10-01T00:58:42.397164 #1772] DEBUG -- : interval 0.6921708583831787
F, [2014-10-01T00:58:42.961078 #1772] FATAL -- : Standard Error : bad URI(is not URI?): 
D, [2014-10-01T00:58:43.089865 #1772] DEBUG -- : interval 0.6921465396881104
I, [2014-10-04T11:19:50.970600 #9728]  INFO -- : All Finished
D, [2014-10-04T11:22:46.029373 #9793] DEBUG -- : interval 0.7786312103271484
D, [2014-10-04T11:22:46.808459 #9793] DEBUG -- : interval 0.7786216735839844
D, [2014-10-04T11:22:47.587410 #9793] DEBUG -- : interval 0.7786374092102051
D, [2014-10-04T11:22:47.710223 #9793] DEBUG -- : played 13%
D, [2014-10-04T11:22:48.366638 #9793] DEBUG -- : interval 0.7786216735839844
D, [2014-10-04T11:22:48.613692 #9793] DEBUG -- : played 43%
D, [2014-10-04T11:22:49.146067 #9793] DEBUG -- : interval 0.7791976928710938
D, [2014-10-04T11:22:49.412698 #9793] DEBUG -- : played 18%
D, [2014-10-04T11:22:49.924910 #9793] DEBUG -- : interval 0.7786195278167725
D, [2014-10-04T11:22:50.703713 #9793] DEBUG -- : interval 0.7786223888397217
D, [2014-10-04T11:22:51.482555 #9793] DEBUG -- : interval 0.7786171436309814
D, [2014-10-04T11:22:51.659854 #9793] DEBUG -- : played 39%
D, [2014-10-04T11:22:51.828465 #9793] DEBUG -- : played 100%
D, [2014-10-04T11:22:52.261376 #9793] DEBUG -- : interval 0.7786240577697754
D, [2014-10-04T11:22:52.765717 #9793] DEBUG -- : played 26%
D, [2014-10-04T11:22:53.040207 #9793] DEBUG -- : interval 0.7786188125610352
D, [2014-10-04T11:22:53.819022 #9793] DEBUG -- : interval 0.7786209583282471
D, [2014-10-04T11:22:54.117920 #9793] DEBUG -- : played 74%
D, [2014-10-04T11:22:54.597848 #9793] DEBUG -- : interval 0.7786180973052979
D, [2014-10-04T11:22:54.804151 #9793] DEBUG -- : played 57%
D, [2014-10-04T11:22:54.943084 #9793] DEBUG -- : played 10%
D, [2014-10-04T11:22:55.376643 #9793] DEBUG -- : interval 0.7786211967468262
D, [2014-10-04T11:22:55.722166 #9793] DEBUG -- : played 13%
D, [2014-10-04T11:22:56.155483 #9793] DEBUG -- : interval 0.7786221504211426
D, [2014-10-04T11:22:56.582601 #9793] DEBUG -- : played 24%
D, [2014-10-04T11:22:56.934308 #9793] DEBUG -- : interval 0.778620719909668
D, [2014-10-04T11:22:57.194182 #9793] DEBUG -- : played 16%
D, [2014-10-04T11:22:57.713186 #9793] DEBUG -- : interval 0.7786216735839844
D, [2014-10-04T11:22:58.492012 #9793] DEBUG -- : interval 0.7786242961883545
D, [2014-10-04T11:22:58.672141 #9793] DEBUG -- : played 9%
D, [2014-10-04T11:22:59.021555 #9793] DEBUG -- : played 66%
D, [2014-10-04T11:22:59.270839 #9793] DEBUG -- : interval 0.7786252498626709
D, [2014-10-04T11:22:59.567057 #9793] DEBUG -- : played 18%
D, [2014-10-04T11:23:00.049670 #9793] DEBUG -- : interval 0.7786204814910889
D, [2014-10-04T11:23:00.828484 #9793] DEBUG -- : interval 0.7786216735839844
D, [2014-10-04T11:23:01.199754 #9793] DEBUG -- : played 74%
D, [2014-10-04T11:23:01.607312 #9793] DEBUG -- : interval 0.7786266803741455
